::1 - - [19/May/2019:04:22:18 +0000] "GET /major_detail?id=1 HTTP/1.1" 404 9 "-" "Mozilla/5.0 (Macintosh; Intel Mac OS X 10_13_6) AppleWebKit/537.36 (KHTML, like Gecko) Chrome/73.0.3683.86 Safari/537.36"
::1 - - [22/May/2019:01:22:32 +0000] "GET / HTTP/1.1" 404 9 "-" "Mozilla/5.0 (Macintosh; Intel Mac OS X 10_13_6) AppleWebKit/537.36 (KHTML, like Gecko) Chrome/73.0.3683.86 Safari/537.36"
::1 - - [22/May/2019:01:22:32 +0000] "GET /favicon.ico HTTP/1.1" 404 9 "http://localhost:8000/" "Mozilla/5.0 (Macintosh; Intel Mac OS X 10_13_6) AppleWebKit/537.36 (KHTML, like Gecko) Chrome/73.0.3683.86 Safari/537.36"
::1 - - [22/May/2019:01:27:32 +0000] "POST /add_data/area_score HTTP/1.1" 404 9 "-" "PostmanRuntime/7.11.0"
::1 - - [22/May/2019:01:27:43 +0000] "POST /add_data/area_score HTTP/1.1" 404 9 "-" "PostmanRuntime/7.11.0"
::1 - - [22/May/2019:01:29:44 +0000] "POST /add_data/area_score HTTP/1.1" 404 9 "-" "PostmanRuntime/7.11.0"
::1 - - [22/May/2019:01:30:04 +0000] "POST /add/area_score HTTP/1.1" 404 9 "-" "PostmanRuntime/7.11.0"
::1 - - [22/May/2019:01:32:27 +0000] "POST /add/area_score HTTP/1.1" 404 9 "-" "PostmanRuntime/7.11.0"
::1 - - [22/May/2019:01:33:41 +0000] "POST /add/area_score HTTP/1.1" 404 9 "-" "PostmanRuntime/7.11.0"
::1 - - [22/May/2019:01:34:10 +0000] "POST /add/area_score HTTP/1.1" 404 9 "-" "PostmanRuntime/7.11.0"
::1 - - [22/May/2019:01:34:55 +0000] "POST /add/area_score HTTP/1.1" 404 9 "-" "PostmanRuntime/7.11.0"
::1 - - [22/May/2019:01:36:13 +0000] "POST /add/area_score HTTP/1.1" 404 9 "-" "PostmanRuntime/7.11.0"
::1 - - [22/May/2019:01:36:48 +0000] "POST /add/area_score HTTP/1.1" 404 9 "-" "PostmanRuntime/7.11.0"
::1 - - [22/May/2019:01:42:58 +0000] "POST /add/area_score HTTP/1.1" 500 562 "-" "PostmanRuntime/7.11.0"
::1 - - [22/May/2019:01:46:46 +0000] "POST /add/area_score HTTP/1.1" 500 562 "-" "PostmanRuntime/7.11.0"
::1 - - [22/May/2019:01:47:46 +0000] "POST /add/area_score HTTP/1.1" 500 562 "-" "PostmanRuntime/7.11.0"
::1 - - [22/May/2019:01:48:54 +0000] "POST /add/area_score HTTP/1.1" 404 9 "-" "PostmanRuntime/7.11.0"
::1 - - [22/May/2019:01:50:15 +0000] "POST /add/area_score HTTP/1.1" 200 16 "-" "PostmanRuntime/7.11.0"
::1 - - [22/May/2019:01:51:30 +0000] "POST /add/area_score HTTP/1.1" 200 16 "-" "PostmanRuntime/7.11.0"
::1 - - [22/May/2019:01:52:58 +0000] "POST /add/area_score HTTP/1.1" 200 16 "-" "PostmanRuntime/7.11.0"
::1 - - [22/May/2019:01:53:33 +0000] "POST /add/area_score HTTP/1.1" 200 16 "-" "PostmanRuntime/7.11.0"
::1 - - [22/May/2019:01:53:58 +0000] "POST /add/area_score HTTP/1.1" 200 16 "-" "PostmanRuntime/7.11.0"
::1 - - [22/May/2019:01:54:15 +0000] "POST /add/area_score HTTP/1.1" 200 16 "-" "PostmanRuntime/7.11.0"
::1 - - [22/May/2019:01:55:05 +0000] "POST /add/area_score HTTP/1.1" 200 16 "-" "PostmanRuntime/7.11.0"
::1 - - [22/May/2019:01:55:18 +0000] "POST /add/area_score HTTP/1.1" 200 16 "-" "PostmanRuntime/7.11.0"
::1 - - [22/May/2019:01:55:34 +0000] "POST /add/area_score HTTP/1.1" 200 16 "-" "PostmanRuntime/7.11.0"
::1 - - [22/May/2019:01:56:10 +0000] "POST /add/area_score HTTP/1.1" 200 16 "-" "PostmanRuntime/7.11.0"
::1 - - [22/May/2019:01:56:49 +0000] "POST /add/area_score HTTP/1.1" 200 16 "-" "PostmanRuntime/7.11.0"
::1 - - [22/May/2019:01:57:01 +0000] "POST /add/area_score HTTP/1.1" 200 16 "-" "PostmanRuntime/7.11.0"
::1 - - [22/May/2019:01:58:03 +0000] "POST /add/area_score HTTP/1.1" 200 16 "-" "PostmanRuntime/7.11.0"
::1 - - [22/May/2019:01:58:14 +0000] "POST /add/area_score HTTP/1.1" 200 16 "-" "PostmanRuntime/7.11.0"
::1 - - [22/May/2019:01:58:24 +0000] "POST /add/area_score HTTP/1.1" 200 16 "-" "PostmanRuntime/7.11.0"
::1 - - [22/May/2019:01:58:36 +0000] "POST /add/area_score HTTP/1.1" 200 16 "-" "PostmanRuntime/7.11.0"
::1 - - [22/May/2019:02:05:27 +0000] "POST /add/area_score HTTP/1.1" 200 16 "-" "PostmanRuntime/7.11.0"
::1 - - [22/May/2019:02:05:46 +0000] "POST /add/area_score HTTP/1.1" 200 16 "-" "PostmanRuntime/7.11.0"
::1 - - [22/May/2019:02:05:56 +0000] "POST /add/area_score HTTP/1.1" 200 16 "-" "PostmanRuntime/7.11.0"
::1 - - [22/May/2019:02:06:21 +0000] "POST /add/area_score HTTP/1.1" 200 16 "-" "PostmanRuntime/7.11.0"
::1 - - [22/May/2019:02:07:01 +0000] "POST /add/area_score HTTP/1.1" 200 16 "-" "PostmanRuntime/7.11.0"
::1 - - [22/May/2019:02:07:19 +0000] "POST /add/area_score HTTP/1.1" 200 16 "-" "PostmanRuntime/7.11.0"
::1 - - [22/May/2019:02:08:13 +0000] "POST /add/area_score HTTP/1.1" 200 16 "-" "PostmanRuntime/7.11.0"
::1 - - [22/May/2019:02:08:29 +0000] "POST /add/area_score HTTP/1.1" 200 16 "-" "PostmanRuntime/7.11.0"
::1 - - [22/May/2019:02:09:31 +0000] "POST /add/area_score HTTP/1.1" 200 16 "-" "PostmanRuntime/7.11.0"
::1 - - [22/May/2019:02:09:42 +0000] "POST /add/area_score HTTP/1.1" 200 16 "-" "PostmanRuntime/7.11.0"
::1 - - [22/May/2019:02:09:54 +0000] "POST /add/area_score HTTP/1.1" 200 16 "-" "PostmanRuntime/7.11.0"
::1 - - [22/May/2019:02:10:07 +0000] "POST /add/area_score HTTP/1.1" 200 16 "-" "PostmanRuntime/7.11.0"
::1 - - [22/May/2019:02:11:18 +0000] "POST /add/area_score HTTP/1.1" 200 16 "-" "PostmanRuntime/7.11.0"
::1 - - [22/May/2019:02:11:38 +0000] "POST /add/area_score HTTP/1.1" 200 16 "-" "PostmanRuntime/7.11.0"
::1 - - [22/May/2019:02:11:50 +0000] "POST /add/area_score HTTP/1.1" 200 16 "-" "PostmanRuntime/7.11.0"
::1 - - [22/May/2019:02:12:08 +0000] "POST /add/area_score HTTP/1.1" 200 16 "-" "PostmanRuntime/7.11.0"
::1 - - [22/May/2019:02:13:07 +0000] "POST /add/area_score HTTP/1.1" 200 16 "-" "PostmanRuntime/7.11.0"
::1 - - [22/May/2019:02:13:16 +0000] "POST /add/area_score HTTP/1.1" 200 16 "-" "PostmanRuntime/7.11.0"
::1 - - [22/May/2019:02:13:39 +0000] "POST /add/area_score HTTP/1.1" 200 16 "-" "PostmanRuntime/7.11.0"
::1 - - [22/May/2019:02:13:50 +0000] "POST /add/area_score HTTP/1.1" 200 16 "-" "PostmanRuntime/7.11.0"
::1 - - [22/May/2019:02:14:13 +0000] "POST /add/area_score HTTP/1.1" 200 16 "-" "PostmanRuntime/7.11.0"
::1 - - [22/May/2019:02:14:25 +0000] "POST /add/area_score HTTP/1.1" 200 16 "-" "PostmanRuntime/7.11.0"
::1 - - [22/May/2019:02:14:41 +0000] "POST /add/area_score HTTP/1.1" 200 16 "-" "PostmanRuntime/7.11.0"
::1 - - [22/May/2019:02:14:53 +0000] "POST /add/area_score HTTP/1.1" 200 16 "-" "PostmanRuntime/7.11.0"
::1 - - [22/May/2019:02:15:54 +0000] "POST /add/area_score HTTP/1.1" 200 16 "-" "PostmanRuntime/7.11.0"
::1 - - [22/May/2019:02:16:05 +0000] "POST /add/area_score HTTP/1.1" 200 16 "-" "PostmanRuntime/7.11.0"
::1 - - [22/May/2019:02:16:24 +0000] "POST /add/area_score HTTP/1.1" 200 16 "-" "PostmanRuntime/7.11.0"
::1 - - [22/May/2019:02:16:45 +0000] "POST /add/area_score HTTP/1.1" 200 16 "-" "PostmanRuntime/7.11.0"
::1 - - [22/May/2019:02:17:07 +0000] "POST /add/area_score HTTP/1.1" 200 16 "-" "PostmanRuntime/7.11.0"
::1 - - [22/May/2019:02:17:22 +0000] "POST /add/area_score HTTP/1.1" 200 16 "-" "PostmanRuntime/7.11.0"
::1 - - [22/May/2019:02:18:05 +0000] "POST /add/area_score HTTP/1.1" 200 16 "-" "PostmanRuntime/7.11.0"
::1 - - [22/May/2019:02:18:17 +0000] "POST /add/area_score HTTP/1.1" 200 16 "-" "PostmanRuntime/7.11.0"
::1 - - [22/May/2019:02:18:29 +0000] "POST /add/area_score HTTP/1.1" 200 16 "-" "PostmanRuntime/7.11.0"
::1 - - [22/May/2019:02:18:48 +0000] "POST /add/area_score HTTP/1.1" 200 16 "-" "PostmanRuntime/7.11.0"
::1 - - [22/May/2019:02:20:25 +0000] "POST /add/area_score HTTP/1.1" 200 16 "-" "PostmanRuntime/7.11.0"
::1 - - [22/May/2019:02:20:38 +0000] "POST /add/area_score HTTP/1.1" 200 16 "-" "PostmanRuntime/7.11.0"
::1 - - [22/May/2019:02:53:13 +0000] "POST /add//school_detail HTTP/1.1" 404 9 "-" "PostmanRuntime/7.11.0"
::1 - - [22/May/2019:02:53:32 +0000] "POST /add/school_detail HTTP/1.1" 200 16 "-" "PostmanRuntime/7.11.0"
::1 - - [22/May/2019:02:54:01 +0000] "POST /add/school_detail HTTP/1.1" 200 16 "-" "PostmanRuntime/7.11.0"
::1 - - [22/May/2019:03:51:37 +0000] "POST /add/school_detail HTTP/1.1" 500 562 "-" "PostmanRuntime/7.11.0"
::1 - - [22/May/2019:03:53:42 +0000] "POST /add/school_detail HTTP/1.1" 200 16 "-" "PostmanRuntime/7.11.0"
::1 - - [22/May/2019:03:55:18 +0000] "POST /add/school_detail HTTP/1.1" 200 16 "-" "PostmanRuntime/7.11.0"
